<?xml version="1.0" encoding="UTF-8"?>
<testsuite name="com.thoughtworks.wallet.WalletTest" tests="7" skipped="0" failures="0" errors="0" timestamp="2023-07-23T16:31:39" hostname="Pratibhas-MBP" time="0.017">
  <properties/>
  <testcase name="shouldAddAmountTenDollarToWalletWhenGiven()" classname="com.thoughtworks.wallet.WalletTest" time="0.009"/>
  <testcase name="shouldAddTenRupeeAndTenDollarToWalletWhenGiven()" classname="com.thoughtworks.wallet.WalletTest" time="0.001"/>
  <testcase name="shouldNotAddNegativeMoneyToWalletWhenGiven()" classname="com.thoughtworks.wallet.WalletTest" time="0.001"/>
  <testcase name="shouldNotBeAbleToDebitTenRupeeFromWalletWhenNotAvailable()" classname="com.thoughtworks.wallet.WalletTest" time="0.001"/>
  <testcase name="shouldAbleToTakeTwoDollarWhenHundredRupeeAndOneDollarAreAvailabale()" classname="com.thoughtworks.wallet.WalletTest" time="0.001"/>
  <testcase name="shouldBeAbleToDebitTenRupeeFromWalletWhenAvailable()" classname="com.thoughtworks.wallet.WalletTest" time="0.0"/>
  <testcase name="shouldAddTenRupeeToWalletWhenGiven()" classname="com.thoughtworks.wallet.WalletTest" time="0.0"/>
  <system-out><![CDATA[]]></system-out>
  <system-err><![CDATA[]]></system-err>
</testsuite>
