<?xml version="1.0" encoding="UTF-8"?>
<testsuite name="com.thoughtworks.wallet.WalletTest" tests="2" skipped="0" failures="0" errors="0" timestamp="2023-07-20T12:13:41" hostname="gurushifu-gurushifugitp-r00dfo1efx1" time="0.051">
  <properties/>
  <testcase name="shouldAbleToAddRupee()" classname="com.thoughtworks.wallet.WalletTest" time="0.016"/>
  <testcase name="shouldNotAbleToAddRupeeWhenNegative()" classname="com.thoughtworks.wallet.WalletTest" time="0.033"/>
  <system-out><![CDATA[]]></system-out>
  <system-err><![CDATA[]]></system-err>
</testsuite>
