<?xml version="1.0" encoding="UTF-8"?>
<testsuite name="com.thoughtworks.wallet.WalletTest" tests="4" skipped="0" failures="0" errors="0" timestamp="2023-07-23T09:31:55" hostname="Pratibhas-MBP" time="0.013">
  <properties/>
  <testcase name="shouldAbleToAddDollarWhenDollarIsGiven()" classname="com.thoughtworks.wallet.WalletTest" time="0.01"/>
  <testcase name="shouldAbleToAddRupee()" classname="com.thoughtworks.wallet.WalletTest" time="0.0"/>
  <testcase name="shouldNotAbleToAddRupeeWhenNegative()" classname="com.thoughtworks.wallet.WalletTest" time="0.0"/>
  <testcase name="shouldNotAbleToAddDollarWhenNegative()" classname="com.thoughtworks.wallet.WalletTest" time="0.0"/>
  <system-out><![CDATA[]]></system-out>
  <system-err><![CDATA[]]></system-err>
</testsuite>
