<?xml version="1.0" encoding="UTF-8"?>
<testsuite name="com.thoughtworks.wallet.WalletTest" tests="1" skipped="0" failures="0" errors="0" timestamp="2023-07-23T11:20:57" hostname="Pratibhas-MBP" time="0.009">
  <properties/>
  <testcase name="shouldAbleToAddRupeeAndDollarAndProvideBalanceInRupee()" classname="com.thoughtworks.wallet.WalletTest" time="0.009"/>
  <system-out><![CDATA[]]></system-out>
  <system-err><![CDATA[]]></system-err>
</testsuite>
