<?xml version="1.0" encoding="UTF-8"?>
<testsuite name="com.thoughtworks.wallet.WalletTest" tests="4" skipped="0" failures="0" errors="0" timestamp="2023-07-23T15:27:19" hostname="Pratibhas-MBP" time="0.012">
  <properties/>
  <testcase name="shouldAddAmountTenDollarToWalletWhenGiven()" classname="com.thoughtworks.wallet.WalletTest" time="0.009"/>
  <testcase name="shouldAddTenRupeeAndTenDollarToWalletWhenGiven()" classname="com.thoughtworks.wallet.WalletTest" time="0.001"/>
  <testcase name="shouldNotAddNegativeMoneyToWalletWhenGiven()" classname="com.thoughtworks.wallet.WalletTest" time="0.001"/>
  <testcase name="shouldAddTenRupeeToWalletWhenGiven()" classname="com.thoughtworks.wallet.WalletTest" time="0.001"/>
  <system-out><![CDATA[]]></system-out>
  <system-err><![CDATA[]]></system-err>
</testsuite>
